14:25:59 scenario.file.loc[Ljava.lang.String;@3d8314f0
14:25:59 loading BDD file: scenarios/TestAdidas.bdd
14:25:59 total test found: 1
14:25:59 

Executing scenario: TestAdidas - end to end
14:25:59 pkg: com.qmetry.qaf.automation.step
14:25:59 pkg: com.adidas
14:25:59 Found duplicate step to load [] with [lower] prority then []
14:25:59 Invoking Teststep: When click on search icon
14:26:25 Completed Teststep: When click on search icon
14:26:25 Invoking Teststep: And searchproduct by gender as a "MEN" with arguments: [MEN]
14:26:32 Completed Teststep: And searchproduct by gender as a "MEN" with arguments: [MEN]
14:26:32 Invoking Teststep: And searchproduct by purpose as a "Originals" with arguments: [Originals]
14:26:35 Completed Teststep: And searchproduct by purpose as a "Originals" with arguments: [Originals]
14:26:35 Invoking Teststep: And select the product
14:26:35 Failure Teststep: And select the product
com.qmetry.qaf.automation.step.NotYetImplementedException: Not Yet Implemented!...
14:26:35 Completed Teststep: And select the product
14:26:35 Competed scenario: TestAdidas with status FAILURE
